
2019-06-24 14:08:00 0 [Note] InnoDB: Mutexes and rw_locks use Windows interlocked functions
2019-06-24 14:08:00 0 [Note] InnoDB: Uses event mutexes
2019-06-24 14:08:00 0 [Note] InnoDB: Compressed tables use zlib 1.2.11
2019-06-24 14:08:00 0 [Note] InnoDB: Number of pools: 1
2019-06-24 14:08:00 0 [Note] InnoDB: Using SSE2 crc32 instructions
2019-06-24 14:08:00 0 [Note] InnoDB: Initializing buffer pool, total size = 16M, instances = 1, chunk size = 16M
2019-06-24 14:08:00 0 [Note] InnoDB: Completed initialization of buffer pool
2019-06-24 14:08:01 0 [Note] InnoDB: Starting crash recovery from checkpoint LSN=1791378
2019-06-24 14:08:02 0 [Note] InnoDB: 128 out of 128 rollback segments are active.
2019-06-24 14:08:02 0 [Note] InnoDB: Removed temporary tablespace data file: "ibtmp1"
2019-06-24 14:08:02 0 [Note] InnoDB: Creating shared tablespace for temporary tables
2019-06-24 14:08:02 0 [Note] InnoDB: Setting file 'C:\xampp\mysql\data\ibtmp1' size to 12 MB. Physically writing the file full; Please wait ...
2019-06-24 14:08:02 0 [Note] InnoDB: File 'C:\xampp\mysql\data\ibtmp1' size is now 12 MB.
2019-06-24 14:08:02 0 [Note] InnoDB: Waiting for purge to start
2019-06-24 14:08:02 0 [Note] InnoDB: 10.3.15 started; log sequence number 1791387; transaction id 163
2019-06-24 14:08:02 0 [Note] InnoDB: Loading buffer pool(s) from C:\xampp\mysql\data\ib_buffer_pool
2019-06-24 14:08:02 0 [Note] Plugin 'FEEDBACK' is disabled.
2019-06-24 14:08:02 0 [Note] Server socket created on IP: '::'.
2019-06-24 14:08:02 0 [Note] InnoDB: Buffer pool(s) load completed at 190624 14:08:02
2019-06-24 14:08:02 0 [Note] Reading of all Master_info entries succeded
2019-06-24 14:08:02 0 [Note] Added new Master_info '' to hash table
2019-06-24 14:08:02 0 [Note] mysql\bin\mysqld.exe: ready for connections.
Version: '10.3.15-MariaDB'  socket: ''  port: 3306  mariadb.org binary distribution
2019-06-24 14:47:58 0 [Note] InnoDB: Mutexes and rw_locks use Windows interlocked functions
2019-06-24 14:47:58 0 [Note] InnoDB: Uses event mutexes
2019-06-24 14:47:58 0 [Note] InnoDB: Compressed tables use zlib 1.2.11
2019-06-24 14:47:58 0 [Note] InnoDB: Number of pools: 1
2019-06-24 14:47:58 0 [Note] InnoDB: Using SSE2 crc32 instructions
2019-06-24 14:47:58 0 [Note] InnoDB: Initializing buffer pool, total size = 16M, instances = 1, chunk size = 16M
2019-06-24 14:47:58 0 [Note] InnoDB: Completed initialization of buffer pool
2019-06-24 14:47:58 0 [Note] InnoDB: Starting crash recovery from checkpoint LSN=1798670
2019-06-24 14:47:58 0 [Note] InnoDB: 128 out of 128 rollback segments are active.
2019-06-24 14:47:58 0 [Note] InnoDB: Removed temporary tablespace data file: "ibtmp1"
2019-06-24 14:47:58 0 [Note] InnoDB: Creating shared tablespace for temporary tables
2019-06-24 14:47:58 0 [Note] InnoDB: Setting file 'C:\xampp\mysql\data\ibtmp1' size to 12 MB. Physically writing the file full; Please wait ...
2019-06-24 14:47:58 0 [Note] InnoDB: File 'C:\xampp\mysql\data\ibtmp1' size is now 12 MB.
2019-06-24 14:47:58 0 [Note] InnoDB: Waiting for purge to start
2019-06-24 14:47:58 0 [Note] InnoDB: 10.3.15 started; log sequence number 1798679; transaction id 172
2019-06-24 14:47:58 0 [Note] InnoDB: Loading buffer pool(s) from C:\xampp\mysql\data\ib_buffer_pool
2019-06-24 14:47:58 0 [Note] InnoDB: Buffer pool(s) load completed at 190624 14:47:58
2019-06-24 14:47:58 0 [Note] Plugin 'FEEDBACK' is disabled.
2019-06-24 14:47:58 0 [Note] Server socket created on IP: '::'.
2019-06-29 11:14:45 0 [Note] InnoDB: Mutexes and rw_locks use Windows interlocked functions
2019-06-29 11:14:45 0 [Note] InnoDB: Uses event mutexes
2019-06-29 11:14:45 0 [Note] InnoDB: Compressed tables use zlib 1.2.11
2019-06-29 11:14:45 0 [Note] InnoDB: Number of pools: 1
2019-06-29 11:14:45 0 [Note] InnoDB: Using SSE2 crc32 instructions
2019-06-29 11:14:45 0 [Note] InnoDB: Initializing buffer pool, total size = 16M, instances = 1, chunk size = 16M
2019-06-29 11:14:45 0 [Note] InnoDB: Completed initialization of buffer pool
2019-06-29 11:14:45 0 [Note] InnoDB: Starting crash recovery from checkpoint LSN=2034441
2019-06-29 11:14:45 0 [Note] InnoDB: 128 out of 128 rollback segments are active.
2019-06-29 11:14:45 0 [Note] InnoDB: Removed temporary tablespace data file: "ibtmp1"
2019-06-29 11:14:45 0 [Note] InnoDB: Creating shared tablespace for temporary tables
2019-06-29 11:14:45 0 [Note] InnoDB: Setting file 'C:\xampp\mysql\data\ibtmp1' size to 12 MB. Physically writing the file full; Please wait ...
2019-06-29 11:14:45 0 [Note] InnoDB: File 'C:\xampp\mysql\data\ibtmp1' size is now 12 MB.
2019-06-29 11:14:45 0 [Note] InnoDB: Waiting for purge to start
2019-06-29 11:14:45 0 [Note] InnoDB: 10.3.16 started; log sequence number 2034450; transaction id 594
2019-06-29 11:14:45 0 [Note] InnoDB: Loading buffer pool(s) from C:\xampp\mysql\data\ib_buffer_pool
2019-06-29 11:14:45 0 [Note] Plugin 'FEEDBACK' is disabled.
2019-06-29 11:14:45 0 [Note] InnoDB: Buffer pool(s) load completed at 190629 11:14:45
2019-06-29 11:14:45 0 [Note] Server socket created on IP: '::'.
2019-06-30 16:45:55 0 [Note] InnoDB: Mutexes and rw_locks use Windows interlocked functions
2019-06-30 16:45:55 0 [Note] InnoDB: Uses event mutexes
2019-06-30 16:45:55 0 [Note] InnoDB: Compressed tables use zlib 1.2.11
2019-06-30 16:45:55 0 [Note] InnoDB: Number of pools: 1
2019-06-30 16:45:55 0 [Note] InnoDB: Using SSE2 crc32 instructions
2019-06-30 16:45:55 0 [Note] InnoDB: Initializing buffer pool, total size = 16M, instances = 1, chunk size = 16M
2019-06-30 16:45:55 0 [Note] InnoDB: Completed initialization of buffer pool
2019-06-30 16:45:55 0 [Note] InnoDB: Starting crash recovery from checkpoint LSN=2044980
2019-06-30 16:45:55 0 [Note] InnoDB: 128 out of 128 rollback segments are active.
2019-06-30 16:45:55 0 [Note] InnoDB: Removed temporary tablespace data file: "ibtmp1"
2019-06-30 16:45:55 0 [Note] InnoDB: Creating shared tablespace for temporary tables
2019-06-30 16:45:55 0 [Note] InnoDB: Setting file 'C:\xampp\mysql\data\ibtmp1' size to 12 MB. Physically writing the file full; Please wait ...
2019-06-30 16:45:55 0 [Note] InnoDB: File 'C:\xampp\mysql\data\ibtmp1' size is now 12 MB.
2019-06-30 16:45:55 0 [Note] InnoDB: Waiting for purge to start
2019-06-30 16:45:55 0 [Note] InnoDB: 10.3.16 started; log sequence number 2044989; transaction id 668
2019-06-30 16:45:55 0 [Note] InnoDB: Loading buffer pool(s) from C:\xampp\mysql\data\ib_buffer_pool
2019-06-30 16:45:55 0 [Note] InnoDB: Buffer pool(s) load completed at 190630 16:45:55
2019-06-30 16:45:55 0 [Note] Plugin 'FEEDBACK' is disabled.
2019-06-30 16:45:55 0 [Note] Server socket created on IP: '::'.
